<?xml version="1.0" encoding="UTF-8"?>
<testsuite name="com.junco.lab02carritokotlin.PruebaCarrito" tests="1" skipped="0" failures="0" errors="0" timestamp="2026-08-28T00:30:34.723Z" hostname="DESKTOP-NDTQIA0" time="0.031">
  <properties/>
  <testcase name="ejecutarPrograma" classname="com.junco.lab02carritokotlin.PruebaCarrito" time="0.025"/>
  <system-out><![CDATA[=========================================
 CARRITO DE COMPRAS - TIENDA TECSUP 
=========================================
Cliente: Carlos Junco

Producto agregado: Laptop HP
Producto agregado: Mouse Logitech
Producto agregado: Parlantes soni 
Producto agregado: Audifonos RedDragon

Cantidad de productos: 4

--------- DETALLE DEL CARRITO ---------
1. Laptop HP            x1  S/  2500,00
2. Mouse Logitech       x2  S/    91,00
3. Parlantes soni       x1  S/   120,00
4. Audifonos RedDragon  x1  S/   650,00
---------------------------------------
Subtotal :                S/  3361,00
IGV (18%):                S/   604,98
TOTAL :                   S/  3965,98

Producto mas caro: Laptop HP (S/ 2500,00)
Descuento aplicado: S/ 198,30
TOTAL CON DESCUENTO: S/ 3767,68

========================================
 RETO ADICIONAL 
========================================

--> Buscando producto 'Laptop HP'...
Resultado: Encontrado -> Laptop HP (S/ 2500.0)

--> Eliminando 'Mouse Logitech' del carrito con removeIf...

--> DETALLE Y TOTALES ACTUALIZADOS:
--------- DETALLE DEL CARRITO ---------
1. Laptop HP            x1  S/  2500,00
2. Parlantes soni       x1  S/   120,00
3. Audifonos RedDragon  x1  S/   650,00
---------------------------------------
Subtotal :                S/  3270,00
IGV (18%):                S/   588,60
TOTAL :                   S/  3858,60
Descuento aplicado: S/ 192,93
TOTAL CON DESCUENTO: S/ 3665,67
]]></system-out>
  <system-err><![CDATA[]]></system-err>
</testsuite>
